2014/11/21 18:36:00 [error] [exception.CException] exception 'CException' with message 'Property "CWebUser.first_name" is not defined.' in C:\wamp\www\yii\framework\base\CComponent.php:130
Stack trace:
#0 C:\wamp\www\yii\framework\web\auth\CWebUser.php(146): CComponent->__get('first_name')
#1 C:\wamp\www\protected\views\layouts\main.php(135): CWebUser->__get('first_name')
#2 C:\wamp\www\yii\framework\web\CBaseController.php(126): require('C:\wamp\www\pro...')
#3 C:\wamp\www\yii\framework\web\CBaseController.php(95): CBaseController->renderInternal('C:\wamp\www\pro...', Array, true)
#4 C:\wamp\www\yii\framework\web\widgets\CContentDecorator.php(76): CBaseController->renderFile('C:\wamp\www\pro...', Array, true)
#5 C:\wamp\www\yii\framework\web\widgets\CContentDecorator.php(54): CContentDecorator->decorate('<div id="conten...')
#6 C:\wamp\www\yii\framework\web\widgets\COutputProcessor.php(44): CContentDecorator->processOutput('<div id="conten...')
#7 C:\wamp\www\yii\framework\web\CBaseController.php(206): COutputProcessor->run()
#8 C:\wamp\www\yii\framework\web\CBaseController.php(300): CBaseController->endWidget('CContentDecorat...')
#9 C:\wamp\www\protected\views\layouts\column1.php(6): CBaseController->endContent()
#10 C:\wamp\www\yii\framework\web\CBaseController.php(126): require('C:\wamp\www\pro...')
#11 C:\wamp\www\yii\framework\web\CBaseController.php(95): CBaseController->renderInternal('C:\wamp\www\pro...', Array, true)
#12 C:\wamp\www\yii\framework\web\CController.php(784): CBaseController->renderFile('C:\wamp\www\pro...', Array, true)
#13 C:\wamp\www\protected\controllers\SiteController.php(99): CController->render('login', Array)
#14 C:\wamp\www\yii\framework\web\actions\CInlineAction.php(49): SiteController->actionLogin()
#15 C:\wamp\www\yii\framework\web\CController.php(308): CInlineAction->runWithParams(Array)
#16 C:\wamp\www\yii\framework\web\CController.php(286): CController->runAction(Object(CInlineAction))
#17 C:\wamp\www\yii\framework\web\CController.php(265): CController->runActionWithFilters(Object(CInlineAction), Array)
#18 C:\wamp\www\yii\framework\web\CWebApplication.php(282): CController->run('login')
#19 C:\wamp\www\yii\framework\web\CWebApplication.php(141): CWebApplication->runController('site/login')
#20 C:\wamp\www\yii\framework\base\CApplication.php(180): CWebApplication->processRequest()
#21 C:\wamp\www\index.php(13): CApplication->run()
#22 {main}
REQUEST_URI=/index.php/site/login
HTTP_REFERER=http://localhost/index.php/site/login
---
2014/11/21 18:36:49 [error] [exception.CException] exception 'CException' with message 'Property "CWebUser.first_name" is not defined.' in C:\wamp\www\yii\framework\base\CComponent.php:130
Stack trace:
#0 C:\wamp\www\yii\framework\web\auth\CWebUser.php(146): CComponent->__get('first_name')
#1 C:\wamp\www\protected\views\layouts\main.php(135): CWebUser->__get('first_name')
#2 C:\wamp\www\yii\framework\web\CBaseController.php(126): require('C:\wamp\www\pro...')
#3 C:\wamp\www\yii\framework\web\CBaseController.php(95): CBaseController->renderInternal('C:\wamp\www\pro...', Array, true)
#4 C:\wamp\www\yii\framework\web\widgets\CContentDecorator.php(76): CBaseController->renderFile('C:\wamp\www\pro...', Array, true)
#5 C:\wamp\www\yii\framework\web\widgets\CContentDecorator.php(54): CContentDecorator->decorate('<div class="spa...')
#6 C:\wamp\www\yii\framework\web\widgets\COutputProcessor.php(44): CContentDecorator->processOutput('<div class="spa...')
#7 C:\wamp\www\yii\framework\web\CBaseController.php(206): COutputProcessor->run()
#8 C:\wamp\www\yii\framework\web\CBaseController.php(300): CBaseController->endWidget('CContentDecorat...')
#9 C:\wamp\www\protected\views\layouts\column2.php(22): CBaseController->endContent()
#10 C:\wamp\www\yii\framework\web\CBaseController.php(126): require('C:\wamp\www\pro...')
#11 C:\wamp\www\yii\framework\web\CBaseController.php(95): CBaseController->renderInternal('C:\wamp\www\pro...', Array, true)
#12 C:\wamp\www\yii\framework\web\CController.php(784): CBaseController->renderFile('C:\wamp\www\pro...', Array, true)
#13 C:\wamp\www\protected\controllers\TicketController.php(185): CController->render('my_tickets')
#14 C:\wamp\www\yii\framework\web\actions\CInlineAction.php(49): TicketController->actionMyTickets()
#15 C:\wamp\www\yii\framework\web\CController.php(308): CInlineAction->runWithParams(Array)
#16 C:\wamp\www\yii\framework\web\filters\CFilterChain.php(133): CController->runAction(Object(CInlineAction))
#17 C:\wamp\www\yii\framework\web\filters\CFilter.php(40): CFilterChain->run()
#18 C:\wamp\www\yii\framework\web\CController.php(1145): CFilter->filter(Object(CFilterChain))
#19 C:\wamp\www\yii\framework\web\filters\CInlineFilter.php(58): CController->filterAccessControl(Object(CFilterChain))
#20 C:\wamp\www\yii\framework\web\filters\CFilterChain.php(130): CInlineFilter->filter(Object(CFilterChain))
#21 C:\wamp\www\yii\framework\web\CController.php(291): CFilterChain->run()
#22 C:\wamp\www\yii\framework\web\CController.php(265): CController->runActionWithFilters(Object(CInlineAction), Array)
#23 C:\wamp\www\yii\framework\web\CWebApplication.php(282): CController->run('mytickets')
#24 C:\wamp\www\yii\framework\web\CWebApplication.php(141): CWebApplication->runController('ticket/myticket...')
#25 C:\wamp\www\yii\framework\base\CApplication.php(180): CWebApplication->processRequest()
#26 C:\wamp\www\index.php(13): CApplication->run()
#27 {main}
REQUEST_URI=/index.php/ticket/mytickets
HTTP_REFERER=http://localhost/index.php/site/login
---
2014/11/21 18:36:50 [error] [exception.CException] exception 'CException' with message 'Property "CWebUser.first_name" is not defined.' in C:\wamp\www\yii\framework\base\CComponent.php:130
Stack trace:
#0 C:\wamp\www\yii\framework\web\auth\CWebUser.php(146): CComponent->__get('first_name')
#1 C:\wamp\www\protected\views\layouts\main.php(135): CWebUser->__get('first_name')
#2 C:\wamp\www\yii\framework\web\CBaseController.php(126): require('C:\wamp\www\pro...')
#3 C:\wamp\www\yii\framework\web\CBaseController.php(95): CBaseController->renderInternal('C:\wamp\www\pro...', Array, true)
#4 C:\wamp\www\yii\framework\web\widgets\CContentDecorator.php(76): CBaseController->renderFile('C:\wamp\www\pro...', Array, true)
#5 C:\wamp\www\yii\framework\web\widgets\CContentDecorator.php(54): CContentDecorator->decorate('<div class="spa...')
#6 C:\wamp\www\yii\framework\web\widgets\COutputProcessor.php(44): CContentDecorator->processOutput('<div class="spa...')
#7 C:\wamp\www\yii\framework\web\CBaseController.php(206): COutputProcessor->run()
#8 C:\wamp\www\yii\framework\web\CBaseController.php(300): CBaseController->endWidget('CContentDecorat...')
#9 C:\wamp\www\protected\views\layouts\column2.php(22): CBaseController->endContent()
#10 C:\wamp\www\yii\framework\web\CBaseController.php(126): require('C:\wamp\www\pro...')
#11 C:\wamp\www\yii\framework\web\CBaseController.php(95): CBaseController->renderInternal('C:\wamp\www\pro...', Array, true)
#12 C:\wamp\www\yii\framework\web\CController.php(784): CBaseController->renderFile('C:\wamp\www\pro...', Array, true)
#13 C:\wamp\www\protected\controllers\TicketController.php(185): CController->render('my_tickets')
#14 C:\wamp\www\yii\framework\web\actions\CInlineAction.php(49): TicketController->actionMyTickets()
#15 C:\wamp\www\yii\framework\web\CController.php(308): CInlineAction->runWithParams(Array)
#16 C:\wamp\www\yii\framework\web\filters\CFilterChain.php(133): CController->runAction(Object(CInlineAction))
#17 C:\wamp\www\yii\framework\web\filters\CFilter.php(40): CFilterChain->run()
#18 C:\wamp\www\yii\framework\web\CController.php(1145): CFilter->filter(Object(CFilterChain))
#19 C:\wamp\www\yii\framework\web\filters\CInlineFilter.php(58): CController->filterAccessControl(Object(CFilterChain))
#20 C:\wamp\www\yii\framework\web\filters\CFilterChain.php(130): CInlineFilter->filter(Object(CFilterChain))
#21 C:\wamp\www\yii\framework\web\CController.php(291): CFilterChain->run()
#22 C:\wamp\www\yii\framework\web\CController.php(265): CController->runActionWithFilters(Object(CInlineAction), Array)
#23 C:\wamp\www\yii\framework\web\CWebApplication.php(282): CController->run('mytickets')
#24 C:\wamp\www\yii\framework\web\CWebApplication.php(141): CWebApplication->runController('ticket/myticket...')
#25 C:\wamp\www\yii\framework\base\CApplication.php(180): CWebApplication->processRequest()
#26 C:\wamp\www\index.php(13): CApplication->run()
#27 {main}
REQUEST_URI=/index.php/ticket/mytickets
HTTP_REFERER=http://localhost/index.php/site/login
---
2014/11/21 18:36:55 [error] [exception.CException] exception 'CException' with message 'Property "CWebUser.fname" is not defined.' in C:\wamp\www\yii\framework\base\CComponent.php:130
Stack trace:
#0 C:\wamp\www\yii\framework\web\auth\CWebUser.php(146): CComponent->__get('fname')
#1 C:\wamp\www\protected\views\layouts\main.php(135): CWebUser->__get('fname')
#2 C:\wamp\www\yii\framework\web\CBaseController.php(126): require('C:\wamp\www\pro...')
#3 C:\wamp\www\yii\framework\web\CBaseController.php(95): CBaseController->renderInternal('C:\wamp\www\pro...', Array, true)
#4 C:\wamp\www\yii\framework\web\widgets\CContentDecorator.php(76): CBaseController->renderFile('C:\wamp\www\pro...', Array, true)
#5 C:\wamp\www\yii\framework\web\widgets\CContentDecorator.php(54): CContentDecorator->decorate('<div class="spa...')
#6 C:\wamp\www\yii\framework\web\widgets\COutputProcessor.php(44): CContentDecorator->processOutput('<div class="spa...')
#7 C:\wamp\www\yii\framework\web\CBaseController.php(206): COutputProcessor->run()
#8 C:\wamp\www\yii\framework\web\CBaseController.php(300): CBaseController->endWidget('CContentDecorat...')
#9 C:\wamp\www\protected\views\layouts\column2.php(22): CBaseController->endContent()
#10 C:\wamp\www\yii\framework\web\CBaseController.php(126): require('C:\wamp\www\pro...')
#11 C:\wamp\www\yii\framework\web\CBaseController.php(95): CBaseController->renderInternal('C:\wamp\www\pro...', Array, true)
#12 C:\wamp\www\yii\framework\web\CController.php(784): CBaseController->renderFile('C:\wamp\www\pro...', Array, true)
#13 C:\wamp\www\protected\controllers\TicketController.php(185): CController->render('my_tickets')
#14 C:\wamp\www\yii\framework\web\actions\CInlineAction.php(49): TicketController->actionMyTickets()
#15 C:\wamp\www\yii\framework\web\CController.php(308): CInlineAction->runWithParams(Array)
#16 C:\wamp\www\yii\framework\web\filters\CFilterChain.php(133): CController->runAction(Object(CInlineAction))
#17 C:\wamp\www\yii\framework\web\filters\CFilter.php(40): CFilterChain->run()
#18 C:\wamp\www\yii\framework\web\CController.php(1145): CFilter->filter(Object(CFilterChain))
#19 C:\wamp\www\yii\framework\web\filters\CInlineFilter.php(58): CController->filterAccessControl(Object(CFilterChain))
#20 C:\wamp\www\yii\framework\web\filters\CFilterChain.php(130): CInlineFilter->filter(Object(CFilterChain))
#21 C:\wamp\www\yii\framework\web\CController.php(291): CFilterChain->run()
#22 C:\wamp\www\yii\framework\web\CController.php(265): CController->runActionWithFilters(Object(CInlineAction), Array)
#23 C:\wamp\www\yii\framework\web\CWebApplication.php(282): CController->run('mytickets')
#24 C:\wamp\www\yii\framework\web\CWebApplication.php(141): CWebApplication->runController('ticket/myticket...')
#25 C:\wamp\www\yii\framework\base\CApplication.php(180): CWebApplication->processRequest()
#26 C:\wamp\www\index.php(13): CApplication->run()
#27 {main}
REQUEST_URI=/index.php/ticket/mytickets
HTTP_REFERER=http://localhost/index.php/site/login
---
2014/11/21 18:40:34 [error] [php] Undefined variable: ID (C:\wamp\www\protected\models\User.php:141)
Stack trace:
#0 C:\wamp\www\yii\framework\web\CBaseController.php(95): TicketController->renderInternal()
#1 C:\wamp\www\yii\framework\web\widgets\CContentDecorator.php(76): TicketController->renderFile()
#2 C:\wamp\www\yii\framework\web\widgets\CContentDecorator.php(54): CContentDecorator->decorate()
#3 C:\wamp\www\yii\framework\web\widgets\COutputProcessor.php(44): CContentDecorator->processOutput()
#4 C:\wamp\www\yii\framework\web\CBaseController.php(206): CContentDecorator->run()
#5 C:\wamp\www\yii\framework\web\CBaseController.php(300): TicketController->endWidget()
#6 C:\wamp\www\protected\views\layouts\column2.php(22): TicketController->endContent()
#7 C:\wamp\www\yii\framework\web\CBaseController.php(126): require()
#8 C:\wamp\www\yii\framework\web\CBaseController.php(95): TicketController->renderInternal()
#9 C:\wamp\www\yii\framework\web\CController.php(784): TicketController->renderFile()
#10 C:\wamp\www\protected\controllers\TicketController.php(185): TicketController->render()
#11 C:\wamp\www\yii\framework\web\actions\CInlineAction.php(49): TicketController->actionMyTickets()
#12 C:\wamp\www\yii\framework\web\CController.php(308): CInlineAction->runWithParams()
#13 C:\wamp\www\yii\framework\web\filters\CFilterChain.php(133): TicketController->runAction()
#14 C:\wamp\www\yii\framework\web\filters\CFilter.php(40): CFilterChain->run()
#15 C:\wamp\www\yii\framework\web\CController.php(1145): CAccessControlFilter->filter()
#16 C:\wamp\www\yii\framework\web\filters\CInlineFilter.php(58): TicketController->filterAccessControl()
#17 C:\wamp\www\yii\framework\web\filters\CFilterChain.php(130): CInlineFilter->filter()
#18 C:\wamp\www\yii\framework\web\CController.php(291): CFilterChain->run()
#19 C:\wamp\www\yii\framework\web\CController.php(265): TicketController->runActionWithFilters()
#20 C:\wamp\www\yii\framework\web\CWebApplication.php(282): TicketController->run()
#21 C:\wamp\www\yii\framework\web\CWebApplication.php(141): CWebApplication->runController()
#22 C:\wamp\www\yii\framework\base\CApplication.php(180): CWebApplication->processRequest()
#23 C:\wamp\www\index.php(13): CWebApplication->run()
REQUEST_URI=/index.php/ticket/mytickets
in C:\wamp\www\protected\models\User.php (141)
in C:\wamp\www\protected\views\layouts\main.php (163)
in C:\wamp\www\protected\views\layouts\column2.php (22)
2014/11/21 18:40:35 [error] [php] Undefined variable: ID (C:\wamp\www\protected\models\User.php:141)
Stack trace:
#0 C:\wamp\www\yii\framework\web\CBaseController.php(95): TicketController->renderInternal()
#1 C:\wamp\www\yii\framework\web\widgets\CContentDecorator.php(76): TicketController->renderFile()
#2 C:\wamp\www\yii\framework\web\widgets\CContentDecorator.php(54): CContentDecorator->decorate()
#3 C:\wamp\www\yii\framework\web\widgets\COutputProcessor.php(44): CContentDecorator->processOutput()
#4 C:\wamp\www\yii\framework\web\CBaseController.php(206): CContentDecorator->run()
#5 C:\wamp\www\yii\framework\web\CBaseController.php(300): TicketController->endWidget()
#6 C:\wamp\www\protected\views\layouts\column2.php(22): TicketController->endContent()
#7 C:\wamp\www\yii\framework\web\CBaseController.php(126): require()
#8 C:\wamp\www\yii\framework\web\CBaseController.php(95): TicketController->renderInternal()
#9 C:\wamp\www\yii\framework\web\CController.php(784): TicketController->renderFile()
#10 C:\wamp\www\protected\controllers\TicketController.php(185): TicketController->render()
#11 C:\wamp\www\yii\framework\web\actions\CInlineAction.php(49): TicketController->actionMyTickets()
#12 C:\wamp\www\yii\framework\web\CController.php(308): CInlineAction->runWithParams()
#13 C:\wamp\www\yii\framework\web\filters\CFilterChain.php(133): TicketController->runAction()
#14 C:\wamp\www\yii\framework\web\filters\CFilter.php(40): CFilterChain->run()
#15 C:\wamp\www\yii\framework\web\CController.php(1145): CAccessControlFilter->filter()
#16 C:\wamp\www\yii\framework\web\filters\CInlineFilter.php(58): TicketController->filterAccessControl()
#17 C:\wamp\www\yii\framework\web\filters\CFilterChain.php(130): CInlineFilter->filter()
#18 C:\wamp\www\yii\framework\web\CController.php(291): CFilterChain->run()
#19 C:\wamp\www\yii\framework\web\CController.php(265): TicketController->runActionWithFilters()
#20 C:\wamp\www\yii\framework\web\CWebApplication.php(282): TicketController->run()
#21 C:\wamp\www\yii\framework\web\CWebApplication.php(141): CWebApplication->runController()
#22 C:\wamp\www\yii\framework\base\CApplication.php(180): CWebApplication->processRequest()
#23 C:\wamp\www\index.php(13): CWebApplication->run()
REQUEST_URI=/index.php/ticket/mytickets
in C:\wamp\www\protected\models\User.php (141)
in C:\wamp\www\protected\views\layouts\main.php (163)
in C:\wamp\www\protected\views\layouts\column2.php (22)
2014/11/21 18:40:36 [error] [php] Undefined variable: ID (C:\wamp\www\protected\models\User.php:141)
Stack trace:
#0 C:\wamp\www\yii\framework\web\CBaseController.php(95): TicketController->renderInternal()
#1 C:\wamp\www\yii\framework\web\widgets\CContentDecorator.php(76): TicketController->renderFile()
#2 C:\wamp\www\yii\framework\web\widgets\CContentDecorator.php(54): CContentDecorator->decorate()
#3 C:\wamp\www\yii\framework\web\widgets\COutputProcessor.php(44): CContentDecorator->processOutput()
#4 C:\wamp\www\yii\framework\web\CBaseController.php(206): CContentDecorator->run()
#5 C:\wamp\www\yii\framework\web\CBaseController.php(300): TicketController->endWidget()
#6 C:\wamp\www\protected\views\layouts\column2.php(22): TicketController->endContent()
#7 C:\wamp\www\yii\framework\web\CBaseController.php(126): require()
#8 C:\wamp\www\yii\framework\web\CBaseController.php(95): TicketController->renderInternal()
#9 C:\wamp\www\yii\framework\web\CController.php(784): TicketController->renderFile()
#10 C:\wamp\www\protected\controllers\TicketController.php(185): TicketController->render()
#11 C:\wamp\www\yii\framework\web\actions\CInlineAction.php(49): TicketController->actionMyTickets()
#12 C:\wamp\www\yii\framework\web\CController.php(308): CInlineAction->runWithParams()
#13 C:\wamp\www\yii\framework\web\filters\CFilterChain.php(133): TicketController->runAction()
#14 C:\wamp\www\yii\framework\web\filters\CFilter.php(40): CFilterChain->run()
#15 C:\wamp\www\yii\framework\web\CController.php(1145): CAccessControlFilter->filter()
#16 C:\wamp\www\yii\framework\web\filters\CInlineFilter.php(58): TicketController->filterAccessControl()
#17 C:\wamp\www\yii\framework\web\filters\CFilterChain.php(130): CInlineFilter->filter()
#18 C:\wamp\www\yii\framework\web\CController.php(291): CFilterChain->run()
#19 C:\wamp\www\yii\framework\web\CController.php(265): TicketController->runActionWithFilters()
#20 C:\wamp\www\yii\framework\web\CWebApplication.php(282): TicketController->run()
#21 C:\wamp\www\yii\framework\web\CWebApplication.php(141): CWebApplication->runController()
#22 C:\wamp\www\yii\framework\base\CApplication.php(180): CWebApplication->processRequest()
#23 C:\wamp\www\index.php(13): CWebApplication->run()
REQUEST_URI=/index.php/ticket/mytickets
in C:\wamp\www\protected\models\User.php (141)
in C:\wamp\www\protected\views\layouts\main.php (163)
in C:\wamp\www\protected\views\layouts\column2.php (22)
2014/11/21 18:40:37 [error] [php] Undefined variable: ID (C:\wamp\www\protected\models\User.php:141)
Stack trace:
#0 C:\wamp\www\yii\framework\web\CBaseController.php(95): TicketController->renderInternal()
#1 C:\wamp\www\yii\framework\web\widgets\CContentDecorator.php(76): TicketController->renderFile()
#2 C:\wamp\www\yii\framework\web\widgets\CContentDecorator.php(54): CContentDecorator->decorate()
#3 C:\wamp\www\yii\framework\web\widgets\COutputProcessor.php(44): CContentDecorator->processOutput()
#4 C:\wamp\www\yii\framework\web\CBaseController.php(206): CContentDecorator->run()
#5 C:\wamp\www\yii\framework\web\CBaseController.php(300): TicketController->endWidget()
#6 C:\wamp\www\protected\views\layouts\column2.php(22): TicketController->endContent()
#7 C:\wamp\www\yii\framework\web\CBaseController.php(126): require()
#8 C:\wamp\www\yii\framework\web\CBaseController.php(95): TicketController->renderInternal()
#9 C:\wamp\www\yii\framework\web\CController.php(784): TicketController->renderFile()
#10 C:\wamp\www\protected\controllers\TicketController.php(185): TicketController->render()
#11 C:\wamp\www\yii\framework\web\actions\CInlineAction.php(49): TicketController->actionMyTickets()
#12 C:\wamp\www\yii\framework\web\CController.php(308): CInlineAction->runWithParams()
#13 C:\wamp\www\yii\framework\web\filters\CFilterChain.php(133): TicketController->runAction()
#14 C:\wamp\www\yii\framework\web\filters\CFilter.php(40): CFilterChain->run()
#15 C:\wamp\www\yii\framework\web\CController.php(1145): CAccessControlFilter->filter()
#16 C:\wamp\www\yii\framework\web\filters\CInlineFilter.php(58): TicketController->filterAccessControl()
#17 C:\wamp\www\yii\framework\web\filters\CFilterChain.php(130): CInlineFilter->filter()
#18 C:\wamp\www\yii\framework\web\CController.php(291): CFilterChain->run()
#19 C:\wamp\www\yii\framework\web\CController.php(265): TicketController->runActionWithFilters()
#20 C:\wamp\www\yii\framework\web\CWebApplication.php(282): TicketController->run()
#21 C:\wamp\www\yii\framework\web\CWebApplication.php(141): CWebApplication->runController()
#22 C:\wamp\www\yii\framework\base\CApplication.php(180): CWebApplication->processRequest()
#23 C:\wamp\www\index.php(13): CWebApplication->run()
REQUEST_URI=/index.php/ticket/mytickets
in C:\wamp\www\protected\models\User.php (141)
in C:\wamp\www\protected\views\layouts\main.php (163)
in C:\wamp\www\protected\views\layouts\column2.php (22)
2014/11/21 18:44:15 [error] [exception.CException] exception 'CException' with message 'User and its behaviors do not have a method or closure named "get_users_name".' in C:\wamp\www\yii\framework\base\CComponent.php:266
Stack trace:
#0 C:\wamp\www\yii\framework\db\ar\CActiveRecord.php(227): CComponent->__call('get_users_name', Array)
#1 C:\wamp\www\protected\views\layouts\main.php(135): CActiveRecord->__call('get_users_name', Array)
#2 C:\wamp\www\protected\views\layouts\main.php(135): User->get_users_name()
#3 C:\wamp\www\yii\framework\web\CBaseController.php(126): require('C:\wamp\www\pro...')
#4 C:\wamp\www\yii\framework\web\CBaseController.php(95): CBaseController->renderInternal('C:\wamp\www\pro...', Array, true)
#5 C:\wamp\www\yii\framework\web\widgets\CContentDecorator.php(76): CBaseController->renderFile('C:\wamp\www\pro...', Array, true)
#6 C:\wamp\www\yii\framework\web\widgets\CContentDecorator.php(54): CContentDecorator->decorate('<div class="spa...')
#7 C:\wamp\www\yii\framework\web\widgets\COutputProcessor.php(44): CContentDecorator->processOutput('<div class="spa...')
#8 C:\wamp\www\yii\framework\web\CBaseController.php(206): COutputProcessor->run()
#9 C:\wamp\www\yii\framework\web\CBaseController.php(300): CBaseController->endWidget('CContentDecorat...')
#10 C:\wamp\www\protected\views\layouts\column2.php(22): CBaseController->endContent()
#11 C:\wamp\www\yii\framework\web\CBaseController.php(126): require('C:\wamp\www\pro...')
#12 C:\wamp\www\yii\framework\web\CBaseController.php(95): CBaseController->renderInternal('C:\wamp\www\pro...', Array, true)
#13 C:\wamp\www\yii\framework\web\CController.php(784): CBaseController->renderFile('C:\wamp\www\pro...', Array, true)
#14 C:\wamp\www\protected\controllers\TicketController.php(185): CController->render('my_tickets')
#15 C:\wamp\www\yii\framework\web\actions\CInlineAction.php(49): TicketController->actionMyTickets()
#16 C:\wamp\www\yii\framework\web\CController.php(308): CInlineAction->runWithParams(Array)
#17 C:\wamp\www\yii\framework\web\filters\CFilterChain.php(133): CController->runAction(Object(CInlineAction))
#18 C:\wamp\www\yii\framework\web\filters\CFilter.php(40): CFilterChain->run()
#19 C:\wamp\www\yii\framework\web\CController.php(1145): CFilter->filter(Object(CFilterChain))
#20 C:\wamp\www\yii\framework\web\filters\CInlineFilter.php(58): CController->filterAccessControl(Object(CFilterChain))
#21 C:\wamp\www\yii\framework\web\filters\CFilterChain.php(130): CInlineFilter->filter(Object(CFilterChain))
#22 C:\wamp\www\yii\framework\web\CController.php(291): CFilterChain->run()
#23 C:\wamp\www\yii\framework\web\CController.php(265): CController->runActionWithFilters(Object(CInlineAction), Array)
#24 C:\wamp\www\yii\framework\web\CWebApplication.php(282): CController->run('mytickets')
#25 C:\wamp\www\yii\framework\web\CWebApplication.php(141): CWebApplication->runController('ticket/myticket...')
#26 C:\wamp\www\yii\framework\base\CApplication.php(180): CWebApplication->processRequest()
#27 C:\wamp\www\index.php(13): CApplication->run()
#28 {main}
REQUEST_URI=/index.php/ticket/mytickets
HTTP_REFERER=http://localhost/index.php/site/login
---
2014/11/21 18:44:15 [error] [exception.CException] exception 'CException' with message 'User and its behaviors do not have a method or closure named "get_users_name".' in C:\wamp\www\yii\framework\base\CComponent.php:266
Stack trace:
#0 C:\wamp\www\yii\framework\db\ar\CActiveRecord.php(227): CComponent->__call('get_users_name', Array)
#1 C:\wamp\www\protected\views\layouts\main.php(135): CActiveRecord->__call('get_users_name', Array)
#2 C:\wamp\www\protected\views\layouts\main.php(135): User->get_users_name()
#3 C:\wamp\www\yii\framework\web\CBaseController.php(126): require('C:\wamp\www\pro...')
#4 C:\wamp\www\yii\framework\web\CBaseController.php(95): CBaseController->renderInternal('C:\wamp\www\pro...', Array, true)
#5 C:\wamp\www\yii\framework\web\widgets\CContentDecorator.php(76): CBaseController->renderFile('C:\wamp\www\pro...', Array, true)
#6 C:\wamp\www\yii\framework\web\widgets\CContentDecorator.php(54): CContentDecorator->decorate('<div class="spa...')
#7 C:\wamp\www\yii\framework\web\widgets\COutputProcessor.php(44): CContentDecorator->processOutput('<div class="spa...')
#8 C:\wamp\www\yii\framework\web\CBaseController.php(206): COutputProcessor->run()
#9 C:\wamp\www\yii\framework\web\CBaseController.php(300): CBaseController->endWidget('CContentDecorat...')
#10 C:\wamp\www\protected\views\layouts\column2.php(22): CBaseController->endContent()
#11 C:\wamp\www\yii\framework\web\CBaseController.php(126): require('C:\wamp\www\pro...')
#12 C:\wamp\www\yii\framework\web\CBaseController.php(95): CBaseController->renderInternal('C:\wamp\www\pro...', Array, true)
#13 C:\wamp\www\yii\framework\web\CController.php(784): CBaseController->renderFile('C:\wamp\www\pro...', Array, true)
#14 C:\wamp\www\protected\controllers\TicketController.php(185): CController->render('my_tickets')
#15 C:\wamp\www\yii\framework\web\actions\CInlineAction.php(49): TicketController->actionMyTickets()
#16 C:\wamp\www\yii\framework\web\CController.php(308): CInlineAction->runWithParams(Array)
#17 C:\wamp\www\yii\framework\web\filters\CFilterChain.php(133): CController->runAction(Object(CInlineAction))
#18 C:\wamp\www\yii\framework\web\filters\CFilter.php(40): CFilterChain->run()
#19 C:\wamp\www\yii\framework\web\CController.php(1145): CFilter->filter(Object(CFilterChain))
#20 C:\wamp\www\yii\framework\web\filters\CInlineFilter.php(58): CController->filterAccessControl(Object(CFilterChain))
#21 C:\wamp\www\yii\framework\web\filters\CFilterChain.php(130): CInlineFilter->filter(Object(CFilterChain))
#22 C:\wamp\www\yii\framework\web\CController.php(291): CFilterChain->run()
#23 C:\wamp\www\yii\framework\web\CController.php(265): CController->runActionWithFilters(Object(CInlineAction), Array)
#24 C:\wamp\www\yii\framework\web\CWebApplication.php(282): CController->run('mytickets')
#25 C:\wamp\www\yii\framework\web\CWebApplication.php(141): CWebApplication->runController('ticket/myticket...')
#26 C:\wamp\www\yii\framework\base\CApplication.php(180): CWebApplication->processRequest()
#27 C:\wamp\www\index.php(13): CApplication->run()
#28 {main}
REQUEST_URI=/index.php/ticket/mytickets
HTTP_REFERER=http://localhost/index.php/site/login
---
